<?xml version="1.0" encoding="UTF-8"?>
<testsuite name="RecipeIntegrationTest" tests="1" skipped="0" failures="0" errors="0" timestamp="2023-11-08T22:27:10" hostname="LAPTOP-FGHVEDQN" time="0.028">
  <properties/>
  <testcase name="testBDDScenario()" classname="RecipeIntegrationTest" time="0.028"/>
  <system-out><![CDATA[]]></system-out>
  <system-err><![CDATA[]]></system-err>
</testsuite>
